2025-11-18 08:22:52,557 - Authority public key (e,n): (65537, 13403763485962244850445652378250762341447918329406636595741636010983755926430001527991751783883449341351346235708806620221435842701010439855787252455864935382646219547959329387836646939741826355997148791606618661170645452635080700165327228316586345283310082501692651470589001331392975593874885963521195410763798279078273516413911058104589690253414184029947865630615486466766666932473968323266507716429477336801652724238832871891047068232499853102651157899004672485040852734794852408542590247268882559898000820017629321487875517885717874323758290230494119947121823008303353083924282113804621252848423999833095577091921)
2025-11-18 08:23:02,352 - [SERVER] Berjalan di port 5000... Menunggu koneksi...
2025-11-18 08:25:05,973 - Authority public key (e,n): (65537, 18060572966099003191745487987729255302112790111514957737708931590308781686841485094481706978028072838794688065722156658859448367349481539986369217414839927680906704377463142094463493701528745878543422843190302905094729657113886662146660477730005128834587340992027101026351811780964968135216393744963663933558669463262091515476948870349188345258808751025121410447176908529786528426250558946352839567549916479765874342465790082246450297368160966411731767361579095527745580047071745538026321478687554248709316819151177965600010069686488641498635746685206731597102404309353497761178617727117219376159023798747552728995369)
2025-11-18 08:25:08,612 - [SERVER] Berjalan di port 5000... Menunggu koneksi...
2025-11-18 08:29:34,845 - Authority public key (e,n): (65537, 15708036919931643106262620903756177163570415871823020952235745031371759515349154461855676290079072081999158550557751578979866033319979369392983588181662840147147166393525649356267149296387317257252669468575917382561745562130493651760018824359067108167905921600557001871007458304857510393774166993690309716598622833344827920074222356398569529890235576674763510823839559506712168175205933835932574633811129780369703476308338067993553149312533214484103936518558193886706498323007482685543760923922261503522824122172473390739623063581566711555776122629726789912437197711569460001793738179341343789699894326624310261450907)
2025-11-18 08:29:40,292 - Authority public key (e,n): (65537, 14332689619354639187490319041417712296710369430171072984605875512596078641047188122045737608088505234582477817369235224713086269976983334120872256851314457131522312982812719077790533196770172512783871287746242253223606083920158340379174768862929404656956622561631110289632468852907968590405391524680796253571270609634329808739090926878393078164135516781742909487675033373353210606552675261298847766960820930929452784330769702392243200560854573176757489838125846801026342707901306774759288835126924391737719167367331963608551122813015190016215350593452805881620927563346148074759254448718746024690614253096266818500609)
2025-11-18 08:29:43,020 - [SERVER] Berjalan di port 3000... Menunggu koneksi...
2025-11-18 08:32:30,326 - Authority public key (e,n): (65537, 11677266910865071062762280799912507510456430639570908382171389452180656608051211648407971724861452225756552474312147466100057944960710672629911355063599288528330771531914383037073121219427230661147743929373736478144258722785947355614949847904090488733901827862510791554703307018863225829612845973977040367752125825691431253221261955654430023590463692650295425636039371987782138594672040273999565363248531588386787084402856526717268690111869631322110736531603085298928714720438441055468853602092518371500878634094274742389930623155361208494149792661871302832667437025084946669567920385897849392548585849596849175169213)
2025-11-18 08:32:38,986 - [SERVER] Berjalan di port 3000... Menunggu koneksi...
2025-11-18 08:34:16,109 - Authority public key (e,n): (65537, 22162377088637575031711791509423301419276610118984042153271511233249410267099239683161774548109785525980153156929245695668154247152643968295671364338248385377913877044658207576600621638932629038335421172490643042732679352084999316177454907605430715369357917263316430619109960046853786225845031972332078098618421568844356370600167588009800939682452407295195181289554535937000966369249532040591645316734350498184094220688954623270126365570268439126605165235758325529902596132527193020869036117232404340475291233891021162801528780341739788948324008660172584481652082850206873566874446562770561852984882500402807406517811)
2025-11-18 08:34:16,111 - [SERVER] Berjalan di port 3000... Menunggu koneksi...
2025-11-18 08:41:51,940 - Authority public key (e,n): (65537, 16224052642120303876824379339375826631843004879511172288143180533861120757824596677610672596069119834722038646651486686001386014314015556315749134452705443160639259392744837574011588080616232199591411982439008285791534141554107308648878732191410604411482797670480820845200956555926843618283527758722036204498490168008864945327886461705925722730119291070586931003850639477847516435599197410534054497605394683489543458542929092449727738815076570206086940609950249540896222322596067331541722322070576626405617025600135390447908140787510212582635771290085381574064982765230611137710749371000689069721793017222345857781851)
2025-11-18 08:41:51,946 - [CHAT_SERVER] Berjalan di port 3001 (A/B Login)...
2025-11-18 08:44:22,724 - Authority public key (e,n): (65537, 21885053357835105889886027798278232155612150463374745562335453116450434796887981766733967551455337110069858056558523917874399997014646148228809054352211952778890233494362771011692996376273256611586152666516672108505332861027108344309049858044978675672676229026704269985956466690517937291462308261159962200252509235033483577190743399217586673034214922404356940730017691008044454006223954990192809996488499764543493216996185528295572235556960283072556193190229617742371814799242262416748887199482561458193342590788932737393005245218973992467867702987291324070547589895325824506168107024964477795751798716199797223714123)
2025-11-18 08:44:22,727 - [CHAT_SERVER] Berjalan di port 3001 (A/B Login)...
2025-11-18 08:44:22,728 - [AUTH_SERVER] Berjalan di port 3000 (GETKEY)...
2025-11-18 11:10:20,076 - Authority public key (e,n): (65537, 24235415748626648266460881541800870841277281569085403043593956486341557112522044393753725114197647020791841830543421064320883241628516452208134678664296009169343014047386641321040907060290021183188370131816921952538751391935703990268022584451463045789377852684770234891125525411925882153838839048209471889182473970300359293799139260567948065154735655428018453347072802136276282944273509302841522405031959097550019497987470430634410034041863073711702838568740964970145716326999327477607191906349671180874788028858600348543431478722108241669700714752776421421394382190353697719135317094479598824166237855891814837314583)
2025-11-18 11:10:20,078 - [AUTH_SERVER] Berjalan di port 3000 (GETKEY)...
2025-11-18 11:10:20,078 - [CHAT_SERVER] Berjalan di port 3001 (A/B Login)...
2025-11-18 11:17:41,309 - Authority public key (e,n): (65537, 21116186063814706817236160523675931938074443567068213780000004360370423443374498054239821682829641484000343706908675937149039510676004992495154957009488450068077552784293063122729244806207837275776905543350514656911852729699855624609913517654837649874993787284722857671196168897757469347356007852659677285313912126865400066747026974639911055648368496621718368043584325111374559142808605322609932075882813624196897050319655275116811022965921835663797708114170003057161960367742729628574477844396057478672497154450415579493315208759967673625553117498061932066072146798944767885777808889718491330452527290758186980395691)
2025-11-18 11:17:41,311 - [AUTH_SERVER] Berjalan di port 3000 (GETKEY)...
2025-11-18 11:17:41,311 - [CHAT_SERVER] Berjalan di port 3001 (A/B Login)...
2025-11-18 12:49:45,301 - Authority public key (e,n): (65537, 27788083998817752818072584046485563533855135869799869828406611559678072964128511208115887288874672776009969404054090701735474791273331390252356028505261183226223066963328535373869626317270739642232032699566288407120990966496964885884113499557653831774297391633710664661625270206886153240755037981631624220003514447540665470904389418273104443972485857534178164018806048006453221997108609578264053856017564867984851164917683074218422905114259691368072341224306935107508027257650169683244406366263216430029387487978192499933209335370096338163094886459189458128904362871038513368571621997544858488233416345107766919270359)
2025-11-18 12:49:45,302 - [AUTH_SERVER] Berjalan di port 3000 (GETKEY)...
2025-11-18 12:49:45,302 - [CHAT_SERVER] Berjalan di port 3001 (A/B Login)...
2025-11-18 13:58:14,847 - Authority public key (e,n): (65537, 14933399443120724554056476992228206541054047876786676069953369855675789366690117183683193671228016952893189565394173472167361334052157051428569204158643228130790506316931860172890641055023325620470179881847122492421576316933503655192092385300446774945449984052600464736640546215623505986359623327734363416388245057625604515837345223156663342530796089871031070915093500231894270902710841450063213423042328830343074473388298479733302102838062178027946921147426663947397247033833860612533000825142017397777842246567680837096514087302635536096649862595441783166931062070529895397118913294786982926421477633101483706986983)
2025-11-18 13:58:14,849 - [CHAT_SERVER] Berjalan di port 3001 (A/B Login)...
2025-11-18 13:58:14,849 - [AUTH_SERVER] Berjalan di port 3000 (GETKEY)...
2025-11-18 14:00:01,787 - Authority public key (e,n): (65537, 21963468172451659178838354654994631738446570151761002264420808756542445564438820046010286780217212184207724002755911062109201848562894621952023940426881597835954392383154163804129952327230115652422927326982511203542940505991466260535280985588439596024957411728203954401627033368591308967695148513351800902733701185190977224289139021408370453260761869434079662420883232780909994999535454738803173592591810552622437666889247551924448198507714867757670287059671225291357323616014922362682735535879890280641785911635271076609494597300012515806064677932053061589385397209440901922731284376599093020074497285485995691447591)
2025-11-18 14:00:01,789 - [AUTH_SERVER] Berjalan di port 3000 (GETKEY)...
2025-11-18 14:00:01,789 - [CHAT_SERVER] Berjalan di port 3001 (A/B Login)...
2025-11-18 14:16:34,989 - Authority public key (e,n): (65537, 12746167419306549677968981809142772166780234038747028884639269963799434525553313924865079613205098086677919619027440553553101069773312415103678587365823181141647551176192544905014433378752369093198352685432860772053981844997748561662310001195499913338776594908010853257773570372003209771092551703391154569503641191468865730221337034080874281129497358651642848346123546208023374986202426046447621590591520464634437782226087175733521999233551724724789469240447320973814009455567391029837867108022195486253939630108211284746522034044739498239594929883528799451625455340337176851207071748067099022735118311899475016989693)
2025-11-18 14:16:34,990 - [CHAT_SERVER] Berjalan di port 3001 (A/B Login)...
2025-11-18 14:16:34,990 - [AUTH_SERVER] Berjalan di port 3000 (GETKEY)...
2025-11-18 14:18:09,593 - Authority public key (e,n): (65537, 13066599684187260123119454004612514362352367629727556557578869481725745171935623801062579882172073157379015990452743771196770828815902050886537212746583757355063755124580948100550705234053108899712984364413259554165938449434287680130655533372338075820230128147467372495617059763421436510770121837440122575986846367840321004925262695923147525772998863081119039343154426014151380335234536974227070666340191401732708720537598034163478282669737792200876054008565190076023543658260987503438573146296140111056728195033494890486296476080865513627416768970479984601844912631004883520445938919329129388312749567675156047311251)
2025-11-18 14:18:09,594 - [CHAT_SERVER] Berjalan di port 3001 (A/B Login)...
2025-11-18 14:18:09,595 - [AUTH_SERVER] Berjalan di port 3000 (GETKEY)...
2025-11-18 14:18:25,824 - [AUTH_SERVER] Ada request GETKEY dari ('127.0.0.1', 64931)
2025-11-18 14:22:16,703 - Authority public key (e,n): (65537, 14565259117689522750836792373725750892821736343358560500488419611552158367382030189221707159820789801703791488279924290578032545587717216355403928373095037673477376666241376271705853814743741071621409187565102420060981852371076389230042641877058593767640187393479861186450452064510941408399637235223548521634583191620326144272895107817416072253001133049725023748066644755163777059766469009168453664864986384074633485147035746908475504528208969075654583415459401854430659164731584052285238947413437256830788029866719089978047363500071040604897822552340499362132458400262892559867115133250400743464301917948314701587549)
2025-11-18 14:22:16,705 - [CHAT_SERVER] Berjalan di port 3001 (A/B Login)...
2025-11-18 14:22:16,705 - [AUTH_SERVER] Berjalan di port 3000 (GETKEY)...
2025-11-18 14:44:44,025 - Authority public key (e,n): (65537, 15029229950789751210660669280265693017785980406916884889080404672818274555574219108069268279706139283800602407047123324390099579739845179063571390521811501783610767029700053959095106737640422413245268422366798782350825629605601762409147984127319597979487146181767807224994759890831937866312309342259226183401207801788738042372777881791368535891293373272640568063175036674749426032317607816053594421320963324639482615741356415292621050930866482172301573530394346678131236154992467309441118203589655290979897279733611675980181490910161440150472485262666724544352372498861192767826260039780725334601033388481811464745481)
2025-11-18 14:44:44,027 - [CHAT_SERVER] Berjalan di port 3001 (A/B Login)...
2025-11-18 14:44:44,027 - [AUTH_SERVER] Berjalan di port 3000 (GETKEY)...
2025-11-18 14:56:07,860 - Authority public key (e,n): (65537, 30210227234932795691774004773880131950838003559284533140641604435575060114728060561243349042833517859865139199722095937090451525963595503564014563800376668161064936219128595657797651359215277914330063326394067445217355023349697586032192177192010508896412375753172943427463302275397627804064913306262052228158940639167423791711042179416646613060269447296379358684777626998861579948575240987919403046934359423094606906521167587384725960840031755033276041133193342946911967997168370011610664129277923707273103693691999049334101173016555962105193426239688498300841562624595462424819134132072216568428994728631090973022819)
2025-11-18 14:56:07,862 - [AUTH_SERVER] Berjalan di port 3000 (GETKEY)...
2025-11-18 14:56:07,862 - [CHAT_SERVER] Berjalan di port 3001 (A/B Login)...
2025-11-18 14:58:56,709 - Authority public key (e,n): (65537, 18551333705224657724860071322545965503995714894119436081990991989939747194746369994985583307480535234432387594402119204207222130584492612324168665326475675067377834679360207797811003213041274733120159927721658378909349967697384747088851294663597998847924264757695862156137979910670447040448376595429137151501865193899029855667169825446651958922089957141416821793455540842986119765782873286218997131303697790473335273651981970191969808680791074032466156172019812052689584995337798542297800289678413668782665029384130153827711921759090633514702660187297273615725037888418964208998548236340690418005675478178274942930377)
2025-11-18 14:58:56,711 - [AUTH_SERVER] Berjalan di port 3000 (GETKEY)...
2025-11-18 14:58:56,711 - [CHAT_SERVER] Berjalan di port 3001 (A/B Login)...
2025-11-18 15:02:08,031 - Authority public key (e,n): (65537, 13661034608526312552701368093509738566054496217962218881726138522213977044239415272226928095565862724031167956687164690347388200697142285237617888159164203832141812298691691735025737754946146122528544082609087775907225645979212113847136102961345300658548020433513721921023681660820059522738438390565359228499308832521016984882770896826575058558080037117162095058176941346673868777725892091275955276434575587100474574030536927806782880375142091654503768862375565213527044244204185892455682760049509415499385579799707133815163707880805417630200032261729825918868125638868972360050928367756908216263809454387788608844799)
2025-11-18 15:02:08,033 - [CHAT_SERVER] Berjalan di port 3001 (A/B Login)...
2025-11-18 15:02:08,033 - [AUTH_SERVER] Berjalan di port 3000 (GETKEY)...
2025-11-18 17:25:13,705 - Authority public key (e,n): (65537, 11127526286548517411891942546693382142830122121180631854432252569197896833283249176487623055264126590244275210703242910106596396381334716344495750034405552309221280095755211883874348341988440816702790036336709422915556461516554180131731304030966309064017119129702943170131981198340306855863790911824302714763361735187170007349822924197346788161212866385453281966790092554684842429581953237559520814948301773312571919455354945747575175750268116579455183262281494211920930602376016989538052222064784883630166798771173599307106136092138165714904947773589068865096411508670440458939007837647103692325405086262091732740607)
2025-11-18 17:25:13,706 - [AUTH_SERVER] Berjalan di port 3000 (GETKEY)...
2025-11-18 17:25:13,707 - [CHAT_SERVER] Berjalan di port 3001 (A/B Login)...
2025-11-18 17:41:01,555 - Authority public key (e,n): (65537, 12597751082848939592927613510207828645048277643552200973306498336382539957181633008138659118490951872950949164093538806859723582158102938676643657638954254700737133514626903972268850006459083176162396255164402863789166890836132717111090293989667059131007805314834697788671312553753957612652752265710823346774934392546681800254555279956901596120355049217719429861696453455564750291207944758102853113475590129226838184465467296076069028306385724902539594003408496859935248152233025777846117673080923842209619889781434173332932798498110503391709120183464412747335567657644537003221642044615058228705970741883451104906799)
2025-11-18 17:42:09,155 - Authority public key (e,n): (65537, 14869335475780073671747311567296625035980127465012996947874967761152055293966112553831130049596942478840753671018273859939253796394718484293568709515000467936537744224605577529716282768119660691084896659841383806405188200587502682711927642379253749343981322349297532470792359207432616589908958647243503514769387607644823399050667950358398954522432803982314863303751538432903523857811718990396322470552081414695894625635184808142215313958200285894744686806510081867140491223811602419779742782895166672934481120233731556882871914374613430432193949479462996719542147484291280388098478495749555188547368082984224834919783)
2025-11-18 17:45:40,730 - [REGISTER] alice registered pubkey & got password af708dfb555f6ba97e029e02627e6e70
2025-11-18 17:45:40,733 - [LOGIN] User alice authenticated
2025-11-18 17:45:46,930 - [REGISTER] bob registered pubkey & got password ed386efb4b6ae67e13f9d093251037e1
2025-11-18 17:45:46,939 - [LOGIN] User bob authenticated
2025-11-18 17:58:34,114 - Authority public key (e,n): (65537, 22975013328152609504817970720193863654823292402737669411193625554344617491317837977114124935982340286981808719992069020369287775812216615715357576520151753243104056466579428474697525313733641399889164417247442486394098399934772295104340556609723140610377089054715801304863540091123266591659268460132550578631365588928790831505792567961715991614139873374024897035078900140471907497926144186872873742176181073244230188472260684551263322220978783348274231887483321980050788982569009079921103929607065881817056366359793226386552294683197050052790594210412666019511061881207169374537914528443961629652165620787583567864677)
2025-11-18 17:58:47,152 - [REGISTER] alice registered pubkey & got password 50f5ed5c99c8bb91f5a167377c86d27f
2025-11-18 17:58:53,753 - [REGISTER] bob registered pubkey & got password 5a7b7d8c25d40df443dc1b46951e0c90
2025-11-18 18:12:21,219 - [AUTH_SERVER] Error dispatcher: [WinError 10054] An existing connection was forcibly closed by the remote host
2025-11-18 18:12:34,806 - [REGISTER] alice registered pubkey & got password 3567781f6aecf2b50651b185fbc5ff8b
2025-11-18 18:12:43,131 - [REGISTER] bob registered pubkey & got password 6f1a75f433f6d6c316918b90e1e96783
2025-11-18 18:15:34,158 - [AUTH_SERVER] Error dispatcher: [WinError 10054] An existing connection was forcibly closed by the remote host
2025-11-18 18:15:35,978 - [AUTH_SERVER] Error dispatcher: [WinError 10054] An existing connection was forcibly closed by the remote host
2025-11-18 18:34:03,041 - Authority public key (e,n): (65537, 14575444854874145086536497527763755171587826856202662955036674418196829609393612965369924481034162001469203709446398262311905286318663600655826119584174196467059164027378721432788323065217380554000838554212662237261250341025953848116950925019721077367941195700983631997065199199971465344385783681775216175103171440138080957998857387459560433497960460655087904535222064814384530268749618491032356563219214658024488834998408870017266662099932796553394205817050706162139110958858912571005974921179439433667538345319338898735200774204210812229767642638485901638337197159557825232230166241342809688086713526111395972265251)
2025-11-18 18:34:08,495 - [REGISTER] alice registered pubkey & got password 10a9e4000ef3147aae73510921e43190
2025-11-18 18:34:15,391 - [REGISTER] bob registered pubkey & got password 6fa1ffc707690cde3ff2d57da9c6c520
2025-11-18 18:43:43,645 - Authority public key (e,n): (65537, 20949955245747922386302546689336504233707146143149282623430988118928418628918456619506801413126497004590460470408499671161616713306245262741657934748135960720531547776138805099620451704997565010842608836780685745511173959468754423600515700210218840489222699828137727473717657629890501083782445843576411776722510835726287072535809415200973532362179898740534349751187514842595686358974997945736974873053602536492078059703858572191808393212943189887638678576845892344205906908145298444844611574163223281980576199930749494781429525598432009173834323599596561713137343796789802494805449177337360468823732668818158982952563)
2025-11-18 18:43:49,505 - [REGISTER] alice registered pubkey & got password 49855d85dd0259992dc0ea0330704a39
2025-11-18 18:43:52,913 - [REGISTER] bob registered pubkey & got password e189ab5e4ef4a27c6a32bc879aefa455
2025-11-18 18:46:32,452 - [REGISTER] alice registered pubkey & got password 4939619cd30698b6e209d4212b4f47bc
2025-11-18 23:23:11,653 - Authority public key (e,n): (65537, 18274340040937891026418916456450031550699564352076535661785875874174323607080934414086326116569128322168932092803835931202709118905823829370050653153243603138398538459404007064033630114909699255677836264805603683721619984470697783739944415170253190418804663568059310345305423801554915859778145424406705590503646517308025996301844695164694016908592076684967275374364431620113105200747621269895069045245042769336592499037462774978018938012342494878243963972193107691682857392272823757147784520681337904007267254030568406487728936266686788533310597167682635216370982847065230749469434156753074364563207332226710466354333)
2025-11-18 23:24:36,123 - [REGISTER] alice registered pubkey & got password ceacc31383bb5b84815852f57e94e8fa
2025-11-18 23:25:07,405 - [REGISTER] bob registered pubkey & got password c5281761f92569937d6088b3bb58c90e
2025-11-18 23:25:13,264 - [REGISTER] alice registered pubkey & got password 85871b18430b3492e88d463d9527276a
2025-12-04 17:39:00,838 - Authority public key (e,n): (65537, 11299857116838206766908359872874656761378667728747943589524961888422796144403073728764663015100811773868783044809136769440511965135618985735565723212803899880973425343638673702725083351473395141530361343626741507922299070247326318192731522906429429082913410301725951314618035057347771494603863480843782514901459436129286573221849679373942450157025684370407993795681861841982007737324413715164388937819929360811601281514753063930963957169900055868381009451910359760191950230783869286542387462315432908429425661306275094633223698684797070054910502886516087326756672313133812455663200282971640397070855731481349183346213)
2025-12-04 17:39:20,127 - [REGISTER] bob registered pubkey & got password a28934ad0bac37a930da35d203323a6f
2025-12-04 17:42:34,906 - [REGISTER] rafli registered pubkey & got password 86f5403916c01cfe727bafc0eb9f590f
2025-12-04 19:10:58,940 - [REGISTER] arda registered pubkey & got password b3650d0b079745ddc1fb16bf1238ae76
2025-12-04 19:11:14,577 - [REGISTER] rafli registered pubkey & got password b8b64ba8283ecc21d8668de8d71fb00a
